<?xml version="1.0" encoding="UTF-8"?>
<!-- Generated by org.testng.reporters.JUnitReportReporter -->
<testsuite hostname="MS-20170208HZWQ" name="TestScript.NAHomeCourse" tests="1" failures="0" timestamp="1 Dec 2017 02:43:24 GMT" time="0.172" errors="0">
  <testcase name="NAHomeCourseTest" time="0.172" classname="TestScript.NAHomeCourse"/>
</testsuite> <!-- TestScript.NAHomeCourse -->
